<?xml version="1.0" encoding="UTF-8"?>
<!-- Generated by org.testng.reporters.JUnitReportReporter -->
<testsuite hostname="ViMeL" failures="0" tests="1" name="test.Fuction" time="132.367" errors="0" timestamp="2024-04-06T14:49:24 IST" skipped="0">
  <testcase classname="test.Fuction" name="test" time="132.367"/>
</testsuite> <!-- test.Fuction -->
